# JRE version: Java(TM) SE Runtime Environment (21.0.4+8) (build 21.0.4+8-LTS-274)
# Java VM: Java HotSpot(TM) 64-Bit Server VM (21.0.4+8-LTS-274, mixed mode, sharing, tiered, compressed oops, compressed class ptrs, g1 gc, windows-amd64)
GC Precious Log:
 CardTable entry size: 512
 Card Set container configuration: InlinePtr #cards 4 size 8 Array Of Cards #cards 16 size 48 Howl #buckets 8 coarsen threshold 3686 Howl Bitmap #cards 512 size 80 coarsen threshold 460 Card regions per heap region 1 cards per card region 4096
 CPUs: 12 total, 12 available
 Memory: 16024M
 Large Page Support: Disabled
 NUMA Support: Disabled
 Compressed Oops: Enabled (Zero based)
 Heap Region Size: 2M
 Heap Min Capacity: 8M
 Heap Initial Capacity: 252M
 Heap Max Capacity: 4008M
 Pre-touch: Disabled
 Parallel Workers: 10
 Concurrent Workers: 3
 Concurrent Refinement Workers: 10
 Periodic GC: Disabled
Heap:
 garbage-first heap   total 55296K, used 33683K [0x0000000705800000, 0x0000000800000000)
  region size 2048K, 11 young (22528K), 2 survivors (4096K)
 Metaspace       used 30136K, committed 30528K, reserved 1114112K
  class space    used 3805K, committed 3968K, reserved 1048576K
GC Heap History (8 events):
Event: 0.345 GC heap before
{Heap before GC invocations=0 (full 0):
 garbage-first heap   total 258048K, used 22528K [0x0000000705800000, 0x0000000800000000)
  region size 2048K, 11 young (22528K), 0 survivors (0K)
 Metaspace       used 3472K, committed 3648K, reserved 1114112K
  class space    used 357K, committed 448K, reserved 1048576K
}
Event: 0.347 GC heap after
{Heap after GC invocations=1 (full 0):
 garbage-first heap   total 258048K, used 2654K [0x0000000705800000, 0x0000000800000000)
  region size 2048K, 2 young (4096K), 2 survivors (4096K)
 Metaspace       used 3472K, committed 3648K, reserved 1114112K
  class space    used 357K, committed 448K, reserved 1048576K
}
Event: 0.694 GC heap before
{Heap before GC invocations=1 (full 0):
 garbage-first heap   total 258048K, used 35422K [0x0000000705800000, 0x0000000800000000)
  region size 2048K, 19 young (38912K), 2 survivors (4096K)
 Metaspace       used 11297K, committed 11648K, reserved 1114112K
  class space    used 1574K, committed 1728K, reserved 1048576K
}
Event: 0.699 GC heap after
{Heap after GC invocations=2 (full 0):
 garbage-first heap   total 258048K, used 7757K [0x0000000705800000, 0x0000000800000000)
  region size 2048K, 3 young (6144K), 3 survivors (6144K)
 Metaspace       used 11297K, committed 11648K, reserved 1114112K
  class space    used 1574K, committed 1728K, reserved 1048576K
}
Event: 3.064 GC heap before
{Heap before GC invocations=2 (full 0):
 garbage-first heap   total 258048K, used 52813K [0x0000000705800000, 0x0000000800000000)
  region size 2048K, 26 young (53248K), 3 survivors (6144K)
 Metaspace       used 21156K, committed 21504K, reserved 1114112K
  class space    used 2867K, committed 3072K, reserved 1048576K
}
Event: 3.070 GC heap after
{Heap after GC invocations=3 (full 0):
 garbage-first heap   total 258048K, used 13766K [0x0000000705800000, 0x0000000800000000)
  region size 2048K, 5 young (10240K), 5 survivors (10240K)
 Metaspace       used 21156K, committed 21504K, reserved 1114112K
  class space    used 2867K, committed 3072K, reserved 1048576K
}
Event: 6.526 GC heap before
{Heap before GC invocations=4 (full 0):
 garbage-first heap   total 55296K, used 36294K [0x0000000705800000, 0x0000000800000000)
  region size 2048K, 16 young (32768K), 5 survivors (10240K)
 Metaspace       used 24157K, committed 24512K, reserved 1114112K
  class space    used 3131K, committed 3264K, reserved 1048576K
}
Event: 6.535 GC heap after
{Heap after GC invocations=5 (full 0):
 garbage-first heap   total 55296K, used 17299K [0x0000000705800000, 0x0000000800000000)
  region size 2048K, 2 young (4096K), 2 survivors (4096K)
 Metaspace       used 24157K, committed 24512K, reserved 1114112K
  class space    used 3131K, committed 3264K, reserved 1048576K
}

